2019-11-26 14:11:47 INFO  PropertyController:51 - Getting properties from file
2019-11-26 14:12:36 INFO  PropertyController:51 - Getting properties from file
2019-11-26 14:12:36 INFO  PropertyController:51 - Getting properties from file
2019-11-26 14:15:03 INFO  PropertyController:51 - Getting properties from file
2019-11-26 14:15:03 INFO  PropertyController:51 - Getting properties from file
2019-11-26 14:16:40 INFO  PropertyController:51 - Getting properties from file
2019-11-26 14:16:40 INFO  PropertyController:51 - Getting properties from file
2019-11-26 14:17:25 INFO  PropertyController:51 - Getting properties from file
2019-11-26 14:17:25 INFO  PropertyController:51 - Getting properties from file
2019-11-26 14:18:03 INFO  PropertyController:51 - Getting properties from file
2019-11-26 14:18:03 INFO  PropertyController:51 - Getting properties from file
2019-11-26 14:19:00 INFO  PropertyController:51 - Getting properties from file
2019-11-26 14:19:00 INFO  PropertyController:51 - Getting properties from file
2019-11-26 14:20:11 INFO  PropertyController:51 - Getting properties from file
2019-11-26 14:20:11 INFO  PropertyController:51 - Getting properties from file
2019-11-26 14:20:45 INFO  PropertyController:51 - Getting properties from file
2019-11-26 14:20:45 INFO  PropertyController:51 - Getting properties from file
2019-11-26 14:21:13 INFO  PropertyController:51 - Getting properties from file
2019-11-26 14:21:13 INFO  PropertyController:51 - Getting properties from file
2019-11-26 14:21:22 INFO  PropertyController:51 - Getting properties from file
2019-11-26 14:21:22 INFO  PropertyController:51 - Getting properties from file
2019-11-26 14:23:54 INFO  PropertyController:51 - Getting properties from file
2019-11-26 14:23:54 INFO  PropertyController:51 - Getting properties from file
2019-11-26 14:25:00 INFO  PropertyController:51 - Getting properties from file
2019-11-26 14:25:00 INFO  PropertyController:51 - Getting properties from file
2019-11-26 14:25:41 INFO  PropertyController:51 - Getting properties from file
2019-11-26 14:25:41 INFO  PropertyController:51 - Getting properties from file
2019-11-26 14:25:50 INFO  PropertyController:51 - Getting properties from file
2019-11-26 14:25:50 INFO  PropertyController:51 - Getting properties from file
2019-11-26 14:28:20 INFO  PropertyController:51 - Getting properties from file
2019-11-26 14:28:20 INFO  PropertyController:51 - Getting properties from file
2019-11-26 14:28:35 INFO  PropertyController:51 - Getting properties from file
2019-11-26 14:28:35 INFO  PropertyController:51 - Getting properties from file
2019-11-26 14:53:06 INFO  PropertyController:51 - Getting properties from file
2019-11-26 14:53:06 INFO  PropertyController:51 - Getting properties from file
2019-11-26 14:56:57 INFO  PropertyController:51 - Getting properties from file
2019-11-26 14:56:57 INFO  PropertyController:51 - Getting properties from file
2019-11-26 14:59:03 INFO  PropertyController:51 - Getting properties from file
2019-11-26 14:59:03 INFO  PropertyController:51 - Getting properties from file
2019-11-26 15:42:02 INFO  PropertyController:51 - Getting properties from file
2019-11-26 15:42:02 INFO  PropertyController:51 - Getting properties from file
2019-11-26 15:43:48 INFO  PropertyController:51 - Getting properties from file
2019-11-26 15:43:48 INFO  PropertyController:51 - Getting properties from file
2019-11-26 15:44:24 INFO  PropertyController:51 - Getting properties from file
2019-11-26 15:44:24 INFO  PropertyController:51 - Getting properties from file
2019-11-26 15:45:24 INFO  PropertyController:51 - Getting properties from file
2019-11-26 15:45:24 INFO  PropertyController:51 - Getting properties from file
2019-11-26 15:56:36 INFO  PropertyController:51 - Getting properties from file
2019-11-26 15:56:36 INFO  PropertyController:51 - Getting properties from file
2019-11-26 16:01:35 INFO  PropertyController:51 - Getting properties from file
2019-11-26 16:01:35 INFO  PropertyController:51 - Getting properties from file
2019-11-26 16:02:49 INFO  PropertyController:51 - Getting properties from file
2019-11-26 16:02:49 INFO  PropertyController:51 - Getting properties from file
2019-11-26 16:03:25 INFO  PropertyController:51 - Getting properties from file
2019-11-26 16:03:25 INFO  PropertyController:51 - Getting properties from file
2019-11-26 16:04:08 INFO  PropertyController:51 - Getting properties from file
2019-11-26 16:04:08 INFO  PropertyController:51 - Getting properties from file
2019-11-26 16:05:10 INFO  PropertyController:51 - Getting properties from file
2019-11-26 16:05:10 INFO  PropertyController:51 - Getting properties from file
2019-11-26 16:06:03 INFO  PropertyController:51 - Getting properties from file
2019-11-26 16:06:03 INFO  PropertyController:51 - Getting properties from file
2019-11-26 16:07:11 INFO  PropertyController:51 - Getting properties from file
2019-11-26 16:07:11 INFO  PropertyController:51 - Getting properties from file
2019-11-26 16:11:22 INFO  PropertyController:51 - Getting properties from file
2019-11-26 16:11:22 INFO  PropertyController:51 - Getting properties from file
2019-11-27 10:38:42 INFO  PropertyController:51 - Getting properties from file
2019-11-27 10:38:42 INFO  PropertyController:51 - Getting properties from file
2019-11-27 10:39:46 INFO  PropertyController:51 - Getting properties from file
2019-11-27 10:39:46 INFO  PropertyController:51 - Getting properties from file
2019-11-27 10:42:48 INFO  PropertyController:51 - Getting properties from file
2019-11-27 10:42:48 INFO  PropertyController:51 - Getting properties from file
2019-11-27 11:47:49 INFO  PropertyController:51 - Getting properties from file
2019-11-27 11:47:49 INFO  PropertyController:51 - Getting properties from file
2020-02-23 00:46:16 INFO  PropertyController:51 - Getting properties from file
2020-02-23 00:55:07 INFO  PropertyController:51 - Getting properties from file
2020-02-23 12:25:52 INFO  PropertyController:51 - Getting properties from file
2020-02-23 16:50:50 INFO  PropertyController:51 - Getting properties from file
2020-02-23 16:57:41 INFO  PropertyController:51 - Getting properties from file
2020-02-23 16:58:11 INFO  PropertyController:51 - Getting properties from file
2020-02-23 16:59:13 INFO  PropertyController:51 - Getting properties from file
2020-02-23 17:02:18 INFO  PropertyController:51 - Getting properties from file
2020-02-23 17:02:18 INFO  DriverFactory:22 - Chrome sys var is: null
2020-02-23 17:02:42 INFO  RetryExec:97 - I/O exception (java.net.SocketException) caught when processing request to {}->http://localhost:17056: Connection reset
2020-02-23 17:02:42 INFO  RetryExec:113 - Retrying request to {}->http://localhost:17056
2020-02-23 17:51:25 INFO  PropertyController:51 - Getting properties from file
2020-02-23 17:51:25 INFO  DriverFactory:22 - Chrome sys var is: null
2020-02-23 17:53:06 INFO  PropertyController:51 - Getting properties from file
2020-02-23 17:53:06 INFO  DriverFactory:22 - Chrome sys var is: null
2020-02-23 17:58:39 INFO  PropertyController:51 - Getting properties from file
2020-02-23 17:58:39 INFO  DriverFactory:22 - Chrome sys var is: null
2020-02-23 18:05:52 INFO  PropertyController:51 - Getting properties from file
2020-02-23 18:05:52 INFO  DriverFactory:22 - Chrome sys var is: null
2020-02-23 18:18:28 INFO  PropertyController:51 - Getting properties from file
2020-02-23 18:18:28 INFO  DriverFactory:22 - Chrome sys var is: null
2020-02-23 18:21:10 INFO  PropertyController:51 - Getting properties from file
2020-02-23 18:21:10 INFO  DriverFactory:22 - Chrome sys var is: null
2020-02-23 18:24:34 INFO  PropertyController:51 - Getting properties from file
2020-02-23 18:24:34 INFO  DriverFactory:22 - Chrome sys var is: null
2020-02-23 18:25:25 INFO  PropertyController:51 - Getting properties from file
2020-02-23 18:25:25 INFO  DriverFactory:22 - Chrome sys var is: null
2020-02-23 18:26:15 INFO  PropertyController:51 - Getting properties from file
2020-02-23 18:26:15 INFO  DriverFactory:22 - Chrome sys var is: null
2020-02-23 18:26:57 INFO  PropertyController:51 - Getting properties from file
2020-02-23 18:26:57 INFO  DriverFactory:22 - Chrome sys var is: null
2020-02-23 18:32:06 INFO  PropertyController:51 - Getting properties from file
2020-02-23 18:32:06 INFO  DriverFactory:22 - Chrome sys var is: null
2020-02-23 18:33:00 INFO  PropertyController:51 - Getting properties from file
2020-02-23 18:33:00 INFO  DriverFactory:22 - Chrome sys var is: null
2020-02-23 18:34:52 INFO  PropertyController:51 - Getting properties from file
2020-02-23 18:34:52 INFO  DriverFactory:22 - Chrome sys var is: null
2020-02-23 18:39:30 INFO  PropertyController:51 - Getting properties from file
2020-02-23 18:39:30 INFO  DriverFactory:22 - Chrome sys var is: null
2020-02-23 18:40:15 INFO  PropertyController:51 - Getting properties from file
2020-02-23 18:40:15 INFO  DriverFactory:22 - Chrome sys var is: null
2020-02-23 18:52:17 INFO  PropertyController:51 - Getting properties from file
2020-02-23 18:52:17 INFO  DriverFactory:22 - Chrome sys var is: null
2020-02-23 18:57:39 INFO  PropertyController:51 - Getting properties from file
2020-02-23 18:57:39 INFO  DriverFactory:22 - Chrome sys var is: null
2020-02-23 19:04:47 INFO  PropertyController:51 - Getting properties from file
2020-02-23 19:04:47 INFO  DriverFactory:22 - Chrome sys var is: null
2020-02-23 19:11:02 INFO  PropertyController:51 - Getting properties from file
2020-02-23 19:11:02 INFO  DriverFactory:22 - Chrome sys var is: null
2020-02-23 19:12:10 INFO  PropertyController:51 - Getting properties from file
2020-02-23 19:12:10 INFO  DriverFactory:22 - Chrome sys var is: null
2020-02-23 19:15:03 INFO  PropertyController:51 - Getting properties from file
2020-02-23 19:15:03 INFO  DriverFactory:22 - Chrome sys var is: null
2020-02-23 19:15:34 INFO  PropertyController:51 - Getting properties from file
2020-02-23 19:15:34 INFO  DriverFactory:22 - Chrome sys var is: null
2020-02-23 19:18:32 INFO  PropertyController:51 - Getting properties from file
2020-02-23 19:18:32 INFO  DriverFactory:22 - Chrome sys var is: null
2020-02-23 19:20:04 INFO  PropertyController:51 - Getting properties from file
2020-02-23 19:20:04 INFO  DriverFactory:22 - Chrome sys var is: null
2020-02-23 19:28:26 INFO  PropertyController:51 - Getting properties from file
2020-02-23 19:28:26 INFO  DriverFactory:22 - Chrome sys var is: null
2020-02-23 19:30:25 INFO  PropertyController:51 - Getting properties from file
2020-02-23 19:30:25 INFO  DriverFactory:22 - Chrome sys var is: null
2020-02-23 19:43:15 INFO  PropertyController:51 - Getting properties from file
2020-02-23 19:43:15 INFO  DriverFactory:22 - Chrome sys var is: null
2020-02-23 19:44:23 INFO  PropertyController:51 - Getting properties from file
2020-02-23 19:44:23 INFO  DriverFactory:22 - Chrome sys var is: null
2020-02-23 19:53:14 INFO  PropertyController:51 - Getting properties from file
2020-02-23 19:57:11 INFO  PropertyController:52 - Getting properties from file
2020-02-23 19:57:11 INFO  DriverFactory:31 - Chrome sys var is: null
2020-02-23 19:57:11 ERROR PropertyController:42 - Property webdriver.gecko.driver is null
2020-02-23 20:02:57 INFO  PropertyController:52 - Getting properties from file
2020-02-23 20:02:57 INFO  DriverFactory:22 - Chrome sys var is: null
2020-02-23 20:58:50 INFO  PropertyController:52 - Getting properties from file
2020-02-23 20:58:50 INFO  DriverFactory:44 - Chrome sys var is: null
2020-02-23 21:03:16 INFO  PropertyController:52 - Getting properties from file
2020-02-23 21:03:16 INFO  DriverFactory:53 - Chrome sys var is: null
2020-02-23 21:03:16 ERROR PropertyController:42 - Property webdriver.gecko.driver is null
2020-02-23 21:05:13 INFO  PropertyController:52 - Getting properties from file
2020-02-23 21:05:13 INFO  DriverFactory:53 - Chrome sys var is: null
2020-02-23 21:06:49 INFO  PropertyController:52 - Getting properties from file
2020-02-23 21:06:49 INFO  DriverFactory:53 - Chrome sys var is: null
2020-02-23 21:09:12 INFO  PropertyController:52 - Getting properties from file
2020-02-23 21:09:12 INFO  DriverFactory:34 - Chrome sys var is: null
2020-02-23 21:11:40 INFO  PropertyController:52 - Getting properties from file
2020-02-23 21:11:40 INFO  DriverFactory:32 - Chrome sys var is: null
2020-02-23 21:13:05 INFO  PropertyController:52 - Getting properties from file
2020-02-23 21:13:05 INFO  DriverFactory:32 - Chrome sys var is: null
2020-02-23 21:14:55 INFO  PropertyController:52 - Getting properties from file
2020-02-23 21:14:55 INFO  DriverFactory:32 - Chrome sys var is: null
2020-02-23 21:19:49 INFO  PropertyController:52 - Getting properties from file
2020-02-23 21:19:49 INFO  DriverFactory:32 - Chrome sys var is: null
2020-02-23 21:28:01 INFO  PropertyController:52 - Getting properties from file
2020-02-23 21:28:01 INFO  DriverFactory:32 - Chrome sys var is: null
2020-02-23 21:29:12 INFO  PropertyController:52 - Getting properties from file
2020-02-23 21:29:12 INFO  DriverFactory:32 - Chrome sys var is: null
2020-02-23 21:50:36 INFO  PropertyController:52 - Getting properties from file
2020-02-23 21:50:36 INFO  DriverFactory:32 - Chrome sys var is: null
2020-02-23 22:25:40 INFO  PropertyController:54 - Getting properties from file
2020-02-23 22:25:40 INFO  DriverFactory:32 - Chrome sys var is: null
2020-02-23 22:25:47 ERROR PropertyController:42 - Property BASEURL is null
2020-02-23 22:28:53 INFO  PropertyController:54 - Getting properties from file
2020-02-23 22:28:53 INFO  DriverFactory:20 - Baseurlnull
2020-02-23 22:28:53 INFO  DriverFactory:34 - Chrome sys var is: null
2020-02-23 22:31:53 INFO  PropertyController:54 - Getting properties from file
2020-02-23 22:31:53 INFO  DriverFactory:20 - Baseurlhttps://www.vanguardinvestments.com.au/au/portal/homepage.jsp
2020-02-23 22:31:53 INFO  DriverFactory:34 - Chrome sys var is: null
2020-02-23 22:40:53 INFO  PropertyController:54 - Getting properties from file
2020-02-23 22:40:53 INFO  DriverFactory:33 - Chrome sys var is: null
2020-02-23 22:41:00 INFO  DriverProvider:23 - Baseurlhttps://www.vanguardinvestments.com.au/au/portal/homepage.jsp
2020-02-23 22:42:52 INFO  PropertyController:54 - Getting properties from file
2020-02-23 22:42:52 INFO  DriverFactory:33 - Chrome sys var is: null
2020-02-23 22:42:58 INFO  DriverProvider:23 - Baseurlhttps://www.vanguardinvestments.com.au/au/portal/homepage.jsp
2020-02-23 22:50:32 INFO  PropertyController:54 - Getting properties from file
2020-02-23 22:50:32 INFO  DriverFactory:33 - Chrome sys var is: null
2020-02-23 22:50:39 INFO  DriverProvider:23 - Baseurlhttps://www.vanguardinvestments.com.au/au/portal/homepage.jsp
2020-02-23 22:53:04 INFO  PropertyController:54 - Getting properties from file
2020-02-23 22:53:04 INFO  DriverFactory:33 - Chrome sys var is: null
2020-02-23 22:53:10 INFO  DriverProvider:23 - Baseurlhttps://www.vanguardinvestments.com.au/au/portal/homepage.jsp
2020-02-23 22:53:48 INFO  PropertyController:54 - Getting properties from file
2020-02-23 22:53:48 INFO  DriverFactory:33 - Chrome sys var is: null
2020-02-23 22:53:54 INFO  DriverProvider:23 - Baseurlhttps://www.vanguardinvestments.com.au/au/portal/homepage.jsp
2020-02-23 23:09:25 INFO  PropertyController:54 - Getting properties from file
2020-02-23 23:09:25 INFO  DriverFactory:33 - Chrome sys var is: null
2020-02-23 23:09:32 INFO  DriverProvider:23 - Baseurlhttps://www.vanguardinvestments.com.au/au/portal/homepage.jsp
2020-02-23 23:11:11 INFO  PropertyController:54 - Getting properties from file
2020-02-23 23:11:11 INFO  DriverFactory:33 - Chrome sys var is: null
2020-02-23 23:11:17 INFO  DriverProvider:23 - Baseurlhttps://www.vanguardinvestments.com.au/au/portal/homepage.jsp
2020-02-23 23:12:34 INFO  PropertyController:54 - Getting properties from file
2020-02-23 23:12:34 INFO  DriverFactory:33 - Chrome sys var is: null
2020-02-23 23:12:39 INFO  DriverProvider:23 - Baseurlhttps://www.vanguardinvestments.com.au/au/portal/homepage.jsp
2020-02-23 23:18:03 INFO  PropertyController:54 - Getting properties from file
2020-02-23 23:18:03 INFO  DriverFactory:33 - Chrome sys var is: null
2020-02-23 23:18:09 INFO  DriverProvider:23 - Baseurlhttps://www.vanguardinvestments.com.au/au/portal/homepage.jsp
2020-02-23 23:18:14 INFO  VgCompareFundsTest:43 - Click on Individual and SMSF investors link
2020-02-23 23:18:19 INFO  VgCompareFundsTest:46 - Click on Fund Compare link
2020-02-23 23:18:50 INFO  PropertyController:54 - Getting properties from file
2020-02-23 23:18:50 INFO  DriverFactory:33 - Chrome sys var is: null
2020-02-23 23:18:55 INFO  DriverProvider:23 - Baseurlhttps://www.vanguardinvestments.com.au/au/portal/homepage.jsp
2020-02-23 23:18:58 INFO  VgCompareFundsTest:43 - Click on Individual and SMSF investors link
2020-02-23 23:19:10 INFO  VgCompareFundsTest:46 - Click on Fund Compare link
2020-02-23 23:19:20 INFO  VgCompareFundsTest:51 - Click on Add Fund Button
2020-02-23 23:19:31 INFO  VgCompareFundsTest:54 - Select top 4 products to compare
2020-02-23 23:19:37 INFO  VgCompareFundsTest:60 - Click on Compare Fund Button
2020-02-23 23:20:07 INFO  PropertyController:54 - Getting properties from file
2020-02-23 23:20:07 INFO  DriverFactory:33 - Chrome sys var is: null
2020-02-23 23:20:12 INFO  DriverProvider:23 - Baseurlhttps://www.vanguardinvestments.com.au/au/portal/homepage.jsp
2020-02-23 23:20:16 INFO  VgCompareFundsTest:43 - Click on Individual and SMSF investors link
2020-02-23 23:20:27 INFO  VgCompareFundsTest:46 - Click on Fund Compare link
2020-02-23 23:20:37 INFO  VgCompareFundsTest:51 - Click on Add Fund Button
2020-02-23 23:20:47 INFO  VgCompareFundsTest:54 - Select top 4 products to compare
2020-02-23 23:20:54 INFO  VgCompareFundsTest:60 - Click on Compare Fund Button
2020-02-23 23:30:57 INFO  PropertyController:54 - Getting properties from file
2020-02-23 23:30:57 INFO  DriverFactory:24 - Chrome sys var is: null
2020-02-23 23:31:04 INFO  DriverProvider:23 - Baseurlhttps://www.vanguardinvestments.com.au/au/portal/homepage.jsp
2020-02-23 23:31:08 INFO  VgCompareFundsTest:38 - Click on Individual and SMSF investors link
2020-02-23 23:31:13 INFO  VgCompareFundsTest:41 - Click on Fund Compare link
2020-02-23 23:31:24 INFO  VgCompareFundsTest:46 - Click on Add Fund Button
2020-02-23 23:31:38 INFO  VgCompareFundsTest:49 - Select top 4 products to compare
2020-02-23 23:31:43 INFO  VgCompareFundsTest:55 - Click on Compare Fund Button
2020-02-23 23:33:10 INFO  PropertyController:54 - Getting properties from file
2020-02-23 23:33:16 INFO  DriverProvider:23 - Baseurlhttps://www.vanguardinvestments.com.au/au/portal/homepage.jsp
2020-02-23 23:33:19 INFO  VgCompareFundsTest:38 - Click on Individual and SMSF investors link
2020-02-23 23:33:31 INFO  VgCompareFundsTest:41 - Click on Fund Compare link
2020-02-23 23:33:41 INFO  VgCompareFundsTest:46 - Click on Add Fund Button
2020-02-23 23:33:51 INFO  VgCompareFundsTest:49 - Select top 4 products to compare
2020-02-23 23:33:57 INFO  VgCompareFundsTest:55 - Click on Compare Fund Button
2020-02-23 23:36:17 INFO  PropertyController:54 - Getting properties from file
2020-02-23 23:36:24 INFO  DriverProvider:23 - Baseurlhttps://www.vanguardinvestments.com.au/au/portal/homepage.jsp
2020-02-23 23:36:28 INFO  VgCompareFundsTest:38 - Click on Individual and SMSF investors link
2020-02-23 23:36:34 INFO  VgCompareFundsTest:41 - Click on Fund Compare link
2020-02-23 23:36:44 INFO  VgCompareFundsTest:46 - Click on Add Fund Button
2020-02-23 23:37:03 INFO  VgCompareFundsTest:49 - Select top 4 products to compare
2020-02-23 23:37:29 INFO  VgCompareFundsTest:55 - Click on Compare Fund Button
2020-02-23 23:41:26 INFO  PropertyController:54 - Getting properties from file
2020-02-23 23:41:34 INFO  DriverProvider:23 - Baseurlhttps://www.vanguardinvestments.com.au/au/portal/homepage.jsp
2020-02-23 23:41:39 INFO  VgCompareFundsTest:40 - Click on Individual and SMSF investors link
2020-02-23 23:41:45 INFO  VgCompareFundsTest:44 - Click on Fund Compare link
2020-02-23 23:41:50 INFO  VgCompareFundsTest:50 - Click on Add Fund Button
2020-02-23 23:41:59 INFO  VgCompareFundsTest:55 - Select top 4 products to compare
2020-02-23 23:42:05 INFO  VgCompareFundsTest:62 - Click on Compare Fund Button
2020-02-23 23:53:06 INFO  PropertyController:54 - Getting properties from file
2020-02-23 23:53:14 INFO  DriverProvider:23 - Baseurlhttps://www.vanguardinvestments.com.au/au/portal/homepage.jsp
2020-02-23 23:53:17 INFO  VgCompareFundsTest:43 - Click on Individual and SMSF investors link
2020-02-23 23:53:23 INFO  VgCompareFundsTest:47 - Click on Fund Compare link
2020-02-23 23:53:28 INFO  VgCompareFundsTest:54 - Click on Add Fund Button
2020-02-23 23:53:37 INFO  VgCompareFundsTest:59 - Select top 4 products to compare
2020-02-23 23:53:43 INFO  VgCompareFundsTest:66 - Click on Compare Fund Button
2020-02-23 23:54:51 INFO  PropertyController:54 - Getting properties from file
2020-02-23 23:54:58 INFO  DriverProvider:23 - Baseurlhttps://www.vanguardinvestments.com.au/au/portal/homepage.jsp
2020-02-23 23:55:02 INFO  VgCompareFundsTest:43 - Click on Individual and SMSF investors link
2020-02-23 23:55:08 INFO  VgCompareFundsTest:47 - Click on Fund Compare link
2020-02-23 23:55:13 INFO  VgCompareFundsTest:54 - Click on Add Fund Button
2020-02-23 23:55:22 INFO  VgCompareFundsTest:59 - Select top 4 products to compare
2020-02-23 23:55:27 INFO  VgCompareFundsTest:66 - Click on Compare Fund Button
2020-02-23 23:59:50 INFO  PropertyController:54 - Getting properties from file
2020-02-23 23:59:57 INFO  DriverProvider:23 - Baseurlhttps://www.vanguardinvestments.com.au/au/portal/homepage.jsp
2020-02-24 00:00:00 INFO  VgCompareFundsTest:43 - Click on Individual and SMSF investors link
2020-02-24 00:00:05 INFO  VgCompareFundsTest:47 - Click on Fund Compare link
2020-02-24 00:00:10 INFO  VgCompareFundsTest:54 - Click on Add Fund Button
2020-02-24 00:00:58 INFO  PropertyController:54 - Getting properties from file
2020-02-24 00:01:05 INFO  DriverProvider:23 - Baseurlhttps://www.vanguardinvestments.com.au/au/portal/homepage.jsp
2020-02-24 00:01:08 INFO  VgCompareFundsTest:43 - Click on Individual and SMSF investors link
2020-02-24 00:01:13 INFO  VgCompareFundsTest:47 - Click on Fund Compare link
2020-02-24 00:01:19 INFO  VgCompareFundsTest:54 - Click on Add Fund Button
2020-02-24 00:01:28 INFO  VgCompareFundsTest:60 - Select top 4 products to compare
2020-02-24 00:06:50 INFO  PropertyController:54 - Getting properties from file
2020-02-24 00:06:57 INFO  DriverProvider:23 - Baseurlhttps://www.vanguardinvestments.com.au/au/portal/homepage.jsp
2020-02-24 00:07:00 INFO  VgCompareFundsTest:43 - Click on Individual and SMSF investors link
2020-02-24 00:07:11 INFO  VgCompareFundsTest:47 - Click on Fund Compare link
2020-02-24 00:07:16 INFO  VgCompareFundsTest:54 - Click on Add Fund Button
2020-02-24 00:07:57 INFO  PropertyController:54 - Getting properties from file
2020-02-24 00:08:04 INFO  DriverProvider:23 - Baseurlhttps://www.vanguardinvestments.com.au/au/portal/homepage.jsp
2020-02-24 00:08:07 INFO  VgCompareFundsTest:43 - Click on Individual and SMSF investors link
2020-02-24 00:08:12 INFO  VgCompareFundsTest:47 - Click on Fund Compare link
2020-02-24 00:08:18 INFO  VgCompareFundsTest:54 - Click on Add Fund Button
2020-02-24 00:08:27 INFO  VgCompareFundsTest:60 - Select top 4 products to compare
2020-02-24 00:08:32 INFO  VgCompareFundsTest:68 - Click on Compare Fund Button
2020-02-24 00:09:19 INFO  PropertyController:54 - Getting properties from file
2020-02-24 00:09:25 INFO  DriverProvider:23 - Baseurlhttps://www.vanguardinvestments.com.au/au/portal/homepage.jsp
2020-02-24 00:09:28 INFO  VgCompareFundsTest:43 - Click on Individual and SMSF investors link
2020-02-24 00:09:38 INFO  VgCompareFundsTest:47 - Click on Fund Compare link
2020-02-24 00:09:43 INFO  VgCompareFundsTest:54 - Click on Add Fund Button
2020-02-24 00:09:49 INFO  VgCompareFundsTest:60 - Select top 4 products to compare
2020-02-24 00:09:55 INFO  VgCompareFundsTest:67 - Click on Compare Fund Button
2020-02-24 00:10:43 INFO  PropertyController:54 - Getting properties from file
2020-02-24 00:10:49 INFO  DriverProvider:23 - Baseurlhttps://www.vanguardinvestments.com.au/au/portal/homepage.jsp
2020-02-24 00:10:52 INFO  VgCompareFundsTest:43 - Click on Individual and SMSF investors link
2020-02-24 00:11:03 INFO  VgCompareFundsTest:47 - Click on Fund Compare link
2020-02-24 00:11:08 INFO  VgCompareFundsTest:54 - Click on Add Fund Button
2020-02-24 00:11:14 INFO  VgCompareFundsTest:60 - Select top 4 products to compare
2020-02-24 00:11:20 INFO  VgCompareFundsTest:67 - Click on Compare Fund Button
2020-02-24 00:17:58 INFO  PropertyController:54 - Getting properties from file
2020-02-24 00:18:04 INFO  DriverProvider:23 - Baseurlhttps://www.vanguardinvestments.com.au/au/portal/homepage.jsp
2020-02-24 00:18:07 INFO  VgCompareFundsTest:43 - Click on Individual and SMSF investors link
2020-02-24 00:18:13 INFO  VgCompareFundsTest:47 - Click on Fund Compare link
2020-02-24 00:18:18 INFO  VgCompareFundsTest:54 - Click on Add Fund Button
2020-02-24 00:18:28 INFO  VgCompareFundsTest:60 - Select top 4 products to compare
2020-02-24 00:18:33 INFO  VgCompareFundsTest:67 - Click on Compare Fund Button
2020-02-24 00:50:13 INFO  PropertyController:54 - Getting properties from file
2020-02-24 00:50:20 INFO  DriverProvider:23 - Baseurlhttps://www.vanguardinvestments.com.au/au/portal/homepage.jsp
2020-02-24 00:50:25 INFO  VgCompareFundsTest:43 - Click on Individual and SMSF investors link
2020-02-24 00:50:30 INFO  VgCompareFundsTest:47 - Click on Fund Compare link
2020-02-24 00:50:36 INFO  VgCompareFundsTest:54 - Click on Add Fund Button
2020-02-24 00:50:45 INFO  VgCompareFundsTest:60 - Select top 4 products to compare
2020-02-24 00:50:50 INFO  VgCompareFundsTest:67 - Click on Compare Fund Button
2020-02-24 01:29:53 INFO  PropertyController:54 - Getting properties from file
2020-02-24 01:29:59 INFO  DriverProvider:23 - Baseurlhttps://www.vanguardinvestments.com.au/au/portal/homepage.jsp
2020-02-24 01:30:03 INFO  VgCompareFundsTest:43 - Click on Individual and SMSF investors link
2020-02-24 01:30:09 INFO  VgCompareFundsTest:47 - Click on Fund Compare link
2020-02-24 01:30:20 INFO  PropertyController:54 - Getting properties from file
2020-02-24 01:30:27 INFO  DriverProvider:23 - Baseurlhttps://www.vanguardinvestments.com.au/au/portal/homepage.jsp
2020-02-24 01:30:29 INFO  VgCompareFundsTest:43 - Click on Individual and SMSF investors link
2020-02-24 01:30:35 INFO  VgCompareFundsTest:47 - Click on Fund Compare link
2020-02-24 01:31:32 INFO  PropertyController:54 - Getting properties from file
2020-02-24 01:31:39 INFO  DriverProvider:23 - Baseurlhttps://www.vanguardinvestments.com.au/au/portal/homepage.jsp
2020-02-24 01:31:42 INFO  VgCompareFundsTest:43 - Click on Individual and SMSF investors link
2020-02-24 01:31:47 INFO  VgCompareFundsTest:47 - Click on Fund Compare link
2020-02-24 01:31:52 INFO  VgCompareFundsTest:54 - Click on Add Fund Button
2020-02-24 01:32:02 INFO  VgCompareFundsTest:60 - Select top 4 products to compare
2020-02-24 01:32:07 INFO  VgCompareFundsTest:67 - Click on Compare Fund Button
2020-02-24 08:50:11 INFO  PropertyController:54 - Getting properties from file
2020-02-24 08:50:18 INFO  DriverProvider:23 - Baseurlhttps://www.vanguardinvestments.com.au/au/portal/homepage.jsp
2020-02-24 08:50:21 INFO  VgCompareFundsTest:43 - Click on Individual and SMSF investors link
2020-02-24 08:50:26 INFO  VgCompareFundsTest:47 - Click on Fund Compare link
2020-02-24 08:50:32 INFO  VgCompareFundsTest:54 - Click on Add Fund Button
2020-02-24 08:50:41 INFO  VgCompareFundsTest:60 - Select top 4 products to compare
2020-02-24 08:50:46 INFO  VgCompareFundsTest:67 - Click on Compare Fund Button
2020-02-24 08:54:27 INFO  PropertyController:54 - Getting properties from file
2020-02-24 08:54:34 INFO  DriverProvider:23 - Baseurlhttps://www.vanguardinvestments.com.au/au/portal/homepage.jsp
2020-02-24 08:54:37 INFO  VgCompareFundsTest:43 - Click on Individual and SMSF investors link
2020-02-24 08:54:43 INFO  VgCompareFundsTest:47 - Click on Fund Compare link
2020-02-24 08:54:48 INFO  VgCompareFundsTest:54 - Click on Add Fund Button
2020-02-24 08:54:57 INFO  VgCompareFundsTest:60 - Select top 4 products to compare
2020-02-24 08:55:03 INFO  VgCompareFundsTest:67 - Click on Compare Fund Button
2020-02-24 08:57:07 INFO  PropertyController:54 - Getting properties from file
2020-02-24 08:57:14 INFO  DriverProvider:23 - Baseurlhttps://www.vanguardinvestments.com.au/au/portal/homepage.jsp
2020-02-24 08:57:55 INFO  PropertyController:54 - Getting properties from file
2020-02-24 08:58:01 INFO  DriverProvider:23 - Baseurlhttps://www.vanguardinvestments.com.au/au/portal/homepage.jsp
2020-02-24 08:58:05 INFO  VgCompareFundsTest:41 - Click on Individual and SMSF investors link
2020-02-24 08:58:11 INFO  VgCompareFundsTest:45 - Click on Fund Compare link
2020-02-24 08:58:16 INFO  VgCompareFundsTest:52 - Click on Add Fund Button
2020-02-24 08:58:25 INFO  VgCompareFundsTest:58 - Select top 4 products to compare
2020-02-24 08:58:31 INFO  VgCompareFundsTest:65 - Click on Compare Fund Button
2020-02-24 10:05:49 INFO  PropertyController:54 - Getting properties from file
2020-02-24 10:05:55 INFO  DriverProvider:23 - Baseurlhttps://www.vanguardinvestments.com.au/au/portal/homepage.jsp
2020-02-24 10:05:58 INFO  VgCompareFundsTest:43 - Click on Individual and SMSF investors link
2020-02-24 10:05:59 INFO  VgCompareFundsTest:48 - Click on Fund Compare link
2020-02-24 10:06:34 INFO  PropertyController:54 - Getting properties from file
2020-02-24 10:06:40 INFO  DriverProvider:23 - Baseurlhttps://www.vanguardinvestments.com.au/au/portal/homepage.jsp
2020-02-24 10:06:43 INFO  VgCompareFundsTest:43 - Click on Individual and SMSF investors link
2020-02-24 10:06:44 INFO  VgCompareFundsTest:48 - Click on Fund Compare link
2020-02-24 10:07:21 INFO  PropertyController:54 - Getting properties from file
2020-02-24 10:07:28 INFO  DriverProvider:23 - Baseurlhttps://www.vanguardinvestments.com.au/au/portal/homepage.jsp
2020-02-24 10:07:31 INFO  VgCompareFundsTest:43 - Click on Individual and SMSF investors link
2020-02-24 10:07:32 INFO  VgCompareFundsTest:48 - Click on Fund Compare link
2020-02-24 10:18:16 INFO  PropertyController:54 - Getting properties from file
2020-02-24 10:18:24 INFO  DriverProvider:23 - Baseurlhttps://www.vanguardinvestments.com.au/au/portal/homepage.jsp
2020-02-24 10:18:28 INFO  VgCompareFundsTest:43 - Click on Individual and SMSF investors link
2020-02-24 10:18:30 INFO  VgCompareFundsTest:48 - Click on Fund Compare link
2020-02-24 10:18:36 INFO  VgCompareFundsTest:55 - Click on Add Fund Button
2020-02-24 10:18:45 INFO  VgCompareFundsTest:61 - Select top 4 products to compare
2020-02-24 10:18:50 INFO  VgCompareFundsTest:68 - Click on Compare Fund Button
2020-02-24 10:20:06 INFO  PropertyController:54 - Getting properties from file
2020-02-24 10:20:13 INFO  DriverProvider:23 - Baseurlhttps://www.vanguardinvestments.com.au/au/portal/homepage.jsp
2020-02-24 10:20:15 INFO  VgCompareFundsTest:43 - Click on Individual and SMSF investors link
2020-02-24 10:22:22 INFO  PropertyController:54 - Getting properties from file
2020-02-24 10:22:29 INFO  DriverProvider:23 - Baseurlhttps://www.vanguardinvestments.com.au/au/portal/homepage.jsp
2020-02-24 10:22:32 INFO  VgCompareFundsTest:43 - Click on Individual and SMSF investors link
2020-02-24 10:22:34 INFO  VgCompareFundsTest:48 - Click on Fund Compare link
2020-02-24 10:22:40 INFO  VgCompareFundsTest:55 - Click on Add Fund Button
2020-02-24 10:22:49 INFO  VgCompareFundsTest:61 - Select top 4 products to compare
2020-02-24 10:22:54 INFO  VgCompareFundsTest:68 - Click on Compare Fund Button
2020-02-24 10:27:06 INFO  PropertyController:54 - Getting properties from file
2020-02-24 10:27:13 INFO  DriverProvider:23 - Baseurlhttps://www.vanguardinvestments.com.au/au/portal/homepage.jsp
2020-02-24 10:27:16 INFO  VgCompareFundsTest:43 - Click on Individual and SMSF investors link
2020-02-24 10:27:18 INFO  VgCompareFundsTest:48 - Click on Fund Compare link
2020-02-24 10:28:03 INFO  PropertyController:54 - Getting properties from file
2020-02-24 10:28:10 INFO  DriverProvider:23 - Baseurlhttps://www.vanguardinvestments.com.au/au/portal/homepage.jsp
2020-02-24 10:28:13 INFO  VgCompareFundsTest:43 - Click on Individual and SMSF investors link
2020-02-24 10:28:14 INFO  VgCompareFundsTest:48 - Click on Fund Compare link
2020-02-24 10:28:19 INFO  VgCompareFundsTest:55 - Click on Add Fund Button
2020-02-24 10:28:24 INFO  VgCompareFundsTest:61 - Select top 4 products to compare
2020-02-24 10:28:30 INFO  VgCompareFundsTest:68 - Click on Compare Fund Button
2020-02-24 10:34:29 INFO  PropertyController:54 - Getting properties from file
2020-02-24 10:34:35 INFO  DriverProvider:23 - Baseurlhttps://www.vanguardinvestments.com.au/au/portal/homepage.jsp
2020-02-24 10:34:39 INFO  VgCompareFundsTest:44 - Click on Individual and SMSF investors link
2020-02-24 10:34:40 INFO  VgCompareFundsTest:49 - Click on Fund Compare link
2020-02-24 10:34:46 INFO  VgCompareFundsTest:56 - Click on Add Fund Button
2020-02-24 10:42:30 INFO  PropertyController:54 - Getting properties from file
2020-02-24 10:42:37 INFO  DriverProvider:23 - Baseurlhttps://www.vanguardinvestments.com.au/au/portal/homepage.jsp
2020-02-24 10:42:39 INFO  VgCompareFundsTest:44 - Click on Individual and SMSF investors link
2020-02-24 10:42:41 INFO  VgCompareFundsTest:49 - Click on Fund Compare link
2020-02-24 10:42:47 INFO  VgCompareFundsTest:56 - Click on Add Fund Button
2020-02-24 10:42:48 INFO  VgCompareFundsTest:62 - Select top 4 products to compare
2020-02-24 10:42:48 INFO  VgCompareFundsTest:69 - Click on Compare Fund Button
2020-02-24 10:46:18 INFO  PropertyController:54 - Getting properties from file
2020-02-24 10:46:25 INFO  DriverProvider:23 - Baseurlhttps://www.vanguardinvestments.com.au/au/portal/homepage.jsp
2020-02-24 10:46:28 INFO  VgCompareFundsTest:44 - Click on Individual and SMSF investors link
2020-02-24 10:46:31 INFO  VgCompareFundsTest:49 - Click on Fund Compare link
2020-02-24 10:46:37 INFO  VgCompareFundsTest:56 - Click on Add Fund Button
2020-02-24 10:46:38 INFO  VgCompareFundsTest:62 - Select top 4 products to compare
2020-02-24 10:46:38 INFO  VgCompareFundsTest:69 - Click on Compare Fund Button
